[2020-03-27 02:08:33,336]-[Status:INFO]
[start_msg]
Request stamp:GET_61120230ea_2020-03-27 02:08:33.336083
Method:GET
Path:/api
Params:

[end_msg]


[2020-03-27 02:08:33,336]-[Status:ERROR]
[start_msg]
Request stamp:GET_61120230ea_2020-03-27 02:08:33.336083
Method:GET
Path:/api
Type error:Path error
Params:

[end_msg]


[2020-03-27 02:08:34,454]-[Status:INFO]
[start_msg]
Request stamp:GET_4e5134e997_2020-03-27 02:08:34.454008
Method:GET
Path:/api
Params:

[end_msg]


[2020-03-27 02:08:34,454]-[Status:ERROR]
[start_msg]
Request stamp:GET_4e5134e997_2020-03-27 02:08:34.454008
Method:GET
Path:/api
Type error:Path error
Params:

[end_msg]


[2020-03-27 02:08:35,134]-[Status:INFO]
[start_msg]
Request stamp:GET_95a4d3d2f2_2020-03-27 02:08:35.134426
Method:GET
Path:/api
Params:

[end_msg]


[2020-03-27 02:08:35,134]-[Status:ERROR]
[start_msg]
Request stamp:GET_95a4d3d2f2_2020-03-27 02:08:35.134426
Method:GET
Path:/api
Type error:Path error
Params:

[end_msg]


[2020-03-27 02:08:35,566]-[Status:INFO]
[start_msg]
Request stamp:GET_861c031d52_2020-03-27 02:08:35.566184
Method:GET
Path:/api
Params:

[end_msg]


[2020-03-27 02:08:35,566]-[Status:ERROR]
[start_msg]
Request stamp:GET_861c031d52_2020-03-27 02:08:35.566184
Method:GET
Path:/api
Type error:Path error
Params:

[end_msg]


[2020-03-27 02:08:35,958]-[Status:INFO]
[start_msg]
Request stamp:GET_b16daba88b_2020-03-27 02:08:35.958953
Method:GET
Path:/api
Params:

[end_msg]


[2020-03-27 02:08:35,958]-[Status:ERROR]
[start_msg]
Request stamp:GET_b16daba88b_2020-03-27 02:08:35.958953
Method:GET
Path:/api
Type error:Path error
Params:

[end_msg]


[2020-03-27 02:08:37,401]-[Status:INFO]
[start_msg]
Request stamp:GET_f3caf5293d_2020-03-27 02:08:37.401250
Method:GET
Path:/api
Params:

[end_msg]


[2020-03-27 02:08:37,401]-[Status:ERROR]
[start_msg]
Request stamp:GET_f3caf5293d_2020-03-27 02:08:37.401250
Method:GET
Path:/api
Type error:Path error
Params:

[end_msg]


